<?xml version="1.0" encoding="UTF-8"?>
<!-- Generated by org.testng.reporters.JUnitXMLReporter -->
<testsuite ignored="0" hostname="LIN19004581" failures="0" tests="5" name="Test" time="22.731" errors="0" timestamp="2024-11-20T17:02:02 IST">
  <testcase classname="TestNG.TestNG" name="login" time="11.961"/>
  <testcase classname="TestNG.TestNG" name="scrolldown" time="3.084"/>
  <testcase classname="TestNG.TestNG" name="credentials" time="3.453"/>
  <testcase classname="TestNG.TestNG" name="submit" time="4.121"/>
  <testcase classname="TestNG.TestNG" name="validation" time="0.02"/>
</testsuite> <!-- Test -->
